<?xml version="1.0" encoding="UTF-8"?>
<testsuites name="UAT" time="24" tests="0" failures="1" errors="0">
   <testsuite name="UAT" tests="0" failures="1" errors="0" time="24" timestamp="2018-07-25 19:56:09" hostname="smaniiyer - pVDPERVM019.triaddigital.local" id="Test Suites/UAT">
      <properties>
         <property name="deviceName" value=""/>
         <property name="devicePlatform" value=""/>
         <property name="logFolder" value="C:\\Users\\smaniiyer\\Katalon Studio\\02_PEP_S1174\\Reports\\UAT\\20180725_195604"/>
         <property name="logFiles" value="C:\\Users\\smaniiyer\\Katalon Studio\\02_PEP_S1174\\Reports\\UAT\\20180725_195604\\execution0.log"/>
         <property name="attachments" value=""/>
         <property name="hostName" value="smaniiyer - pVDPERVM019.triaddigital.local"/>
         <property name="hostAddress" value="10.2.70.215"/>
         <property name="os" value="Windows 8.1 64bit"/>
         <property name="katalonVersion" value="5.4.2.1"/>
      </properties>
      <testcase name="Test Cases/regression" classname="Test Cases/regression" status="FAILED">
         <failure type="FAILED" message="Unable to open browser with url: '' (Root cause: org.openqa.selenium.WebDriverException: Timed out waiting for driver server to start.
Build info: version: '3.7.1', revision: '8a0099a', time: '2017-11-06T21:07:36.161Z'
System info: host: 'PVDPERVM019', ip: '10.2.70.215', os.name: 'Windows 8.1', os.arch: 'amd64', os.version: '6.3', java.version: '1.8.0_102'
Driver info: driver.version: unknown)"/>
         <system-out><![CDATA[2018-07-25 19:56:11 - [TEST_CASE][FAILED] - Test Cases/regression: Test Cases/regression FAILED because (of) Unable to open browser with url: '' (Root cause: org.openqa.selenium.WebDriverException: Timed out waiting for driver server to start.
Build info: version: '3.7.1', revision: '8a0099a', time: '2017-11-06T21:07:36.161Z'
System info: host: 'PVDPERVM019', ip: '10.2.70.215', os.name: 'Windows 8.1', os.arch: 'amd64', os.version: '6.3', java.version: '1.8.0_102'
Driver info: driver.version: unknown)

2018-07-25 19:56:12 - [TEST_STEP][FAILED] - openBrowser: Unable to open browser with url: '' (Root cause: org.openqa.selenium.WebDriverException: Timed out waiting for driver server to start.
Build info: version: '3.7.1', revision: '8a0099a', time: '2017-11-06T21:07:36.161Z'
System info: host: 'PVDPERVM019', ip: '10.2.70.215', os.name: 'Windows 8.1', os.arch: 'amd64', os.version: '6.3', java.version: '1.8.0_102'
Driver info: driver.version: unknown)

2018-07-25 19:56:34 - [MESSAGE][FAILED] - Unable to open browser with url: '' (Root cause: org.openqa.selenium.WebDriverException: Timed out waiting for driver server to start.
Build info: version: '3.7.1', revision: '8a0099a', time: '2017-11-06T21:07:36.161Z'
System info: host: 'PVDPERVM019', ip: '10.2.70.215', os.name: 'Windows 8.1', os.arch: 'amd64', os.version: '6.3', java.version: '1.8.0_102'
Driver info: driver.version: unknown)]]></system-out>
         <system-err><![CDATA[2018-07-25 19:56:11 - [TEST_CASE][FAILED] - Test Cases/regression: Test Cases/regression FAILED because (of) Unable to open browser with url: '' (Root cause: org.openqa.selenium.WebDriverException: Timed out waiting for driver server to start.
Build info: version: '3.7.1', revision: '8a0099a', time: '2017-11-06T21:07:36.161Z'
System info: host: 'PVDPERVM019', ip: '10.2.70.215', os.name: 'Windows 8.1', os.arch: 'amd64', os.version: '6.3', java.version: '1.8.0_102'
Driver info: driver.version: unknown)]]></system-err>
      </testcase>
      <system-out><![CDATA[2018-07-25 19:56:09 - [TEST_SUITE][FAILED] - UAT: Test Cases/regression FAILED because (of) Unable to open browser with url: '' (Root cause: org.openqa.selenium.WebDriverException: Timed out waiting for driver server to start.
Build info: version: '3.7.1', revision: '8a0099a', time: '2017-11-06T21:07:36.161Z'
System info: host: 'PVDPERVM019', ip: '10.2.70.215', os.name: 'Windows 8.1', os.arch: 'amd64', os.version: '6.3', java.version: '1.8.0_102'
Driver info: driver.version: unknown)]]></system-out>
      <system-err><![CDATA[2018-07-25 19:56:09 - [TEST_SUITE][FAILED] - UAT: Test Cases/regression FAILED because (of) Unable to open browser with url: '' (Root cause: org.openqa.selenium.WebDriverException: Timed out waiting for driver server to start.
Build info: version: '3.7.1', revision: '8a0099a', time: '2017-11-06T21:07:36.161Z'
System info: host: 'PVDPERVM019', ip: '10.2.70.215', os.name: 'Windows 8.1', os.arch: 'amd64', os.version: '6.3', java.version: '1.8.0_102'
Driver info: driver.version: unknown)]]></system-err>
   </testsuite>
</testsuites>
