<?xml version="1.0" encoding="UTF-8"?>
<testsuites name="mainsuite_QA_02_NES_N1799" time="21" tests="0" failures="0" errors="1">
   <testsuite name="mainsuite_QA_02_NES_N1799" tests="0" failures="0" errors="1" time="21" timestamp="2018-06-01 10:06:20" hostname="smaniiyer - pVDPERVM019.triaddigital.local" id="Test Suites/mainsuite_QA_02_NES_N1799">
      <properties>
         <property name="deviceName" value=""/>
         <property name="devicePlatform" value=""/>
         <property name="logFolder" value="C:\\Users\\smaniiyer\\Katalon Studio\\sc_02_NES_N1799\\Reports\\mainsuite_QA_02_NES_N1799\\20180601_100613"/>
         <property name="logFiles" value="C:\\Users\\smaniiyer\\Katalon Studio\\sc_02_NES_N1799\\Reports\\mainsuite_QA_02_NES_N1799\\20180601_100613\\execution0.log"/>
         <property name="attachments" value=""/>
         <property name="hostName" value="smaniiyer - pVDPERVM019.triaddigital.local"/>
         <property name="os" value="Windows 8.1 64bit"/>
         <property name="katalonVersion" value="5.4.1.1"/>
         <property name="browser" value="Chrome 66.0.3359.181"/>
         <property name="hostAddress" value="10.2.70.215"/>
         <property name="sessionId" value="46a7844e1ef743c8d2ea80947c245471"/>
         <property name="seleniumVersion" value="3.7.1"/>
         <property name="proxyInformation" value="ProxyInformation{proxyOption=NO_PROXY, proxyServerType=HTTP, password=, proxyServerAddress=, proxyServerPort=0}"/>
         <property name="platform" value="Windows 8.1"/>
      </properties>
      <testcase name="Test Cases/regression_02_NES_N1799" classname="Test Cases/regression_02_NES_N1799" status="ERROR">
         <error type="ERROR" message="Test Cases/regression_02_NES_N1799 FAILED because (of) groovy.lang.MissingMethodException: No signature of method: static com.kms.katalon.core.webui.keyword.WebUiBuiltInKeywords.click() is applicable for argument types: (com.kms.katalon.core.testobject.TestObject, java.lang.Integer) values: [TestObject - 'Object Repository/object_spy_02_NES_N1799/a_SCROLL DOWN FOR MORE INFO', ...]
Possible solutions: click(com.kms.katalon.core.testobject.TestObject), click(com.kms.katalon.core.testobject.TestObject, com.kms.katalon.core.model.FailureHandling), check(com.kms.katalon.core.testobject.TestObject), check(com.kms.katalon.core.testobject.TestObject, com.kms.katalon.core.model.FailureHandling), back(), wait()"/>
         <system-out><![CDATA[2018-06-01 10:06:22 - [TEST_CASE][ERROR] - Test Cases/regression_02_NES_N1799: Test Cases/regression_02_NES_N1799 FAILED because (of) groovy.lang.MissingMethodException: No signature of method: static com.kms.katalon.core.webui.keyword.WebUiBuiltInKeywords.click() is applicable for argument types: (com.kms.katalon.core.testobject.TestObject, java.lang.Integer) values: [TestObject - 'Object Repository/object_spy_02_NES_N1799/a_SCROLL DOWN FOR MORE INFO', ...]
Possible solutions: click(com.kms.katalon.core.testobject.TestObject), click(com.kms.katalon.core.testobject.TestObject, com.kms.katalon.core.model.FailureHandling), check(com.kms.katalon.core.testobject.TestObject), check(com.kms.katalon.core.testobject.TestObject, com.kms.katalon.core.model.FailureHandling), back(), wait()

2018-06-01 10:06:22 - [TEST_STEP][PASSED] - openBrowser: Browser is opened with url: ''

2018-06-01 10:06:33 - [MESSAGE][PASSED] - Browser is opened with url: ''

2018-06-01 10:06:33 - [TEST_STEP][PASSED] - navigateToUrl: Navigate to 'https://staging-samsclub.triadretail.net/Featured-Brand/Purina/Pet-Shop/' successfully

2018-06-01 10:06:38 - [MESSAGE][PASSED] - Navigate to 'https://staging-samsclub.triadretail.net/Featured-Brand/Purina/Pet-Shop/' successfully

2018-06-01 10:06:38 - [TEST_STEP][PASSED] - maximizeWindow: Current window maximized

2018-06-01 10:06:39 - [MESSAGE][PASSED] - Current window maximized

2018-06-01 10:06:39 - [TEST_STEP][PASSED] - verifyElementPresent: Object 'Object Repository/object_spy_02_NES_N1799/div_pov__pets' is present

2018-06-01 10:06:39 - [MESSAGE][PASSED] - Object 'Object Repository/object_spy_02_NES_N1799/div_pov__pets' is present

2018-06-01 10:06:39 - [TEST_STEP][PASSED] - verifyElementPresent: Object 'Object Repository/object_spy_02_NES_N1799/div_sc_logo_desk samsclub_logo' is present

2018-06-01 10:06:39 - [MESSAGE][PASSED] - Object 'Object Repository/object_spy_02_NES_N1799/div_sc_logo_desk samsclub_logo' is present

2018-06-01 10:06:39 - [TEST_STEP][PASSED] - verifyElementPresent: Object 'Object Repository/object_spy_02_NES_N1799/div_shop__animals' is present

2018-06-01 10:06:40 - [MESSAGE][PASSED] - Object 'Object Repository/object_spy_02_NES_N1799/div_shop__animals' is present

2018-06-01 10:06:40 - [TEST_STEP][PASSED] - verifyElementPresent: Object 'Object Repository/object_spy_02_NES_N1799/a_SCROLL DOWN FOR MORE INFO' is present

2018-06-01 10:06:40 - [MESSAGE][PASSED] - Object 'Object Repository/object_spy_02_NES_N1799/a_SCROLL DOWN FOR MORE INFO' is present

2018-06-01 10:06:40 - [TEST_STEP][PASSED] - click: Finding Test Object with id 'Object Repository/object_spy_02_NES_N1799/a_SCROLL DOWN FOR MORE INFO']]></system-out>
         <system-err><![CDATA[2018-06-01 10:06:22 - [TEST_CASE][ERROR] - Test Cases/regression_02_NES_N1799: Test Cases/regression_02_NES_N1799 FAILED because (of) groovy.lang.MissingMethodException: No signature of method: static com.kms.katalon.core.webui.keyword.WebUiBuiltInKeywords.click() is applicable for argument types: (com.kms.katalon.core.testobject.TestObject, java.lang.Integer) values: [TestObject - 'Object Repository/object_spy_02_NES_N1799/a_SCROLL DOWN FOR MORE INFO', ...]
Possible solutions: click(com.kms.katalon.core.testobject.TestObject), click(com.kms.katalon.core.testobject.TestObject, com.kms.katalon.core.model.FailureHandling), check(com.kms.katalon.core.testobject.TestObject), check(com.kms.katalon.core.testobject.TestObject, com.kms.katalon.core.model.FailureHandling), back(), wait()]]></system-err>
      </testcase>
      <system-out><![CDATA[2018-06-01 10:06:20 - [TEST_SUITE][ERROR] - mainsuite_QA_02_NES_N1799: Test Cases/regression_02_NES_N1799 FAILED because (of) groovy.lang.MissingMethodException: No signature of method: static com.kms.katalon.core.webui.keyword.WebUiBuiltInKeywords.click() is applicable for argument types: (com.kms.katalon.core.testobject.TestObject, java.lang.Integer) values: [TestObject - 'Object Repository/object_spy_02_NES_N1799/a_SCROLL DOWN FOR MORE INFO', ...]
Possible solutions: click(com.kms.katalon.core.testobject.TestObject), click(com.kms.katalon.core.testobject.TestObject, com.kms.katalon.core.model.FailureHandling), check(com.kms.katalon.core.testobject.TestObject), check(com.kms.katalon.core.testobject.TestObject, com.kms.katalon.core.model.FailureHandling), back(), wait()]]></system-out>
      <system-err><![CDATA[2018-06-01 10:06:20 - [TEST_SUITE][ERROR] - mainsuite_QA_02_NES_N1799: Test Cases/regression_02_NES_N1799 FAILED because (of) groovy.lang.MissingMethodException: No signature of method: static com.kms.katalon.core.webui.keyword.WebUiBuiltInKeywords.click() is applicable for argument types: (com.kms.katalon.core.testobject.TestObject, java.lang.Integer) values: [TestObject - 'Object Repository/object_spy_02_NES_N1799/a_SCROLL DOWN FOR MORE INFO', ...]
Possible solutions: click(com.kms.katalon.core.testobject.TestObject), click(com.kms.katalon.core.testobject.TestObject, com.kms.katalon.core.model.FailureHandling), check(com.kms.katalon.core.testobject.TestObject), check(com.kms.katalon.core.testobject.TestObject, com.kms.katalon.core.model.FailureHandling), back(), wait()]]></system-err>
   </testsuite>
</testsuites>
